<?xml version="1.0" encoding="UTF-8"?>
<!-- Generated by org.testng.reporters.JUnitXMLReporter -->
<testsuite ignored="8" hostname="vasavi" failures="1" tests="1" name="Food" time="5.895" errors="0" timestamp="2023-05-07T16:26:16 IST">
  <testcase classname="testingFlight.SearchPageFlight" name="passengers" time="0.004">
    <failure type="java.lang.IllegalArgumentException" message="Cannot find elements when id is null.">
      <![CDATA[java.lang.IllegalArgumentException: Cannot find elements when id is null.
at org.openqa.selenium.internal.Require$ArgumentChecker.nonNull(Require.java:207)
at org.openqa.selenium.By$ById.<init>(By.java:188)
at org.openqa.selenium.By.id(By.java:49)
at testingFlight.SearchPageFlight.passengers(SearchPageFlight.java:96)
at java.base/java.util.ArrayList.forEach(ArrayList.java:1511)
... Removed 27 stack frames]]>
    </failure>
  </testcase> <!-- passengers -->
  <testcase classname="testingFlight.SearchPageFlight" name="allFields" time="0.0">
    <ignored/>
  </testcase> <!-- allFields -->
  <testcase classname="testingFlight.SearchPageFlight" name="currencyDropdown3" time="0.0">
    <ignored/>
  </testcase> <!-- currencyDropdown3 -->
  <testcase classname="testingFlight.SearchPageFlight" name="currencyDropdown2" time="0.0">
    <ignored/>
  </testcase> <!-- currencyDropdown2 -->
  <testcase classname="testingFlight.SearchPageFlight" name="radiobutton1" time="0.0">
    <ignored/>
  </testcase> <!-- radiobutton1 -->
  <testcase classname="testingFlight.SearchPageFlight" name="passengerDropdown" time="0.0">
    <ignored/>
  </testcase> <!-- passengerDropdown -->
  <testcase classname="testingFlight.SearchPageFlight" name="radiobutton3" time="0.0">
    <ignored/>
  </testcase> <!-- radiobutton3 -->
  <testcase classname="testingFlight.SearchPageFlight" name="currencyDropdown1" time="0.0">
    <ignored/>
  </testcase> <!-- currencyDropdown1 -->
  <testcase classname="testingFlight.SearchPageFlight" name="radiobutton2" time="0.0">
    <ignored/>
  </testcase> <!-- radiobutton2 -->
</testsuite> <!-- Food -->
