<?xml version="1.0" encoding="UTF-8"?>
<testng-results ignored="0" total="1" passed="1" failed="0" skipped="0">
  <reporter-output>
  </reporter-output>
  <suite started-at="2023-05-09T11:00:38 IST" name="Default suite" finished-at="2023-05-09T11:00:42 IST" duration-ms="4612">
    <groups>
    </groups>
    <test started-at="2023-05-09T11:00:38 IST" name="Default test" finished-at="2023-05-09T11:00:42 IST" duration-ms="4612">
      <class name="testingFlight.SearchPageFlight">
        <test-method is-config="true" signature="set()[pri:0, instance:testingFlight.SearchPageFlight@25641d39]" started-at="2023-05-09T11:00:38 IST" name="set" finished-at="2023-05-09T11:00:42 IST" duration-ms="4224" status="PASS">
          <reporter-output>
          </reporter-output>
        </test-method> <!-- set -->
        <test-method signature="checkbox3()[pri:0, instance:testingFlight.SearchPageFlight@25641d39]" started-at="2023-05-09T11:00:42 IST" name="checkbox3" finished-at="2023-05-09T11:00:42 IST" duration-ms="342" status="PASS">
          <reporter-output>
          </reporter-output>
        </test-method> <!-- checkbox3 -->
      </class> <!-- testingFlight.SearchPageFlight -->
    </test> <!-- Default test -->
  </suite> <!-- Default suite -->
</testng-results>
